# JRE version: Java(TM) SE Runtime Environment (11.0.5+10) (build 11.0.5+10-LTS)
# Java VM: Java HotSpot(TM) 64-Bit Server VM (11.0.5+10-LTS, mixed mode, tiered, compressed oops, g1 gc, windows-amd64)
Heap:
 garbage-first heap   total 524288K, used 56309K [0x00000000e0000000, 0x0000000100000000)
  region size 1024K, 41 young (41984K), 9 survivors (9216K)
 Metaspace       used 31783K, capacity 32822K, committed 32944K, reserved 1077248K
  class space    used 3841K, capacity 4283K, committed 4352K, reserved 1048576K
GC Heap History (6 events):
Event: 0.562 GC heap before
{Heap before GC invocations=0 (full 0):
 garbage-first heap   total 524288K, used 24576K [0x00000000e0000000, 0x0000000100000000)
  region size 1024K, 25 young (25600K), 0 survivors (0K)
 Metaspace       used 10445K, capacity 10626K, committed 10880K, reserved 1058816K
  class space    used 993K, capacity 1072K, committed 1152K, reserved 1048576K
}
Event: 0.567 GC heap after
{Heap after GC invocations=1 (full 0):
 garbage-first heap   total 524288K, used 3842K [0x00000000e0000000, 0x0000000100000000)
  region size 1024K, 4 young (4096K), 4 survivors (4096K)
 Metaspace       used 10445K, capacity 10626K, committed 10880K, reserved 1058816K
  class space    used 993K, capacity 1072K, committed 1152K, reserved 1048576K
}
Event: 2.429 GC heap before
{Heap before GC invocations=1 (full 0):
 garbage-first heap   total 524288K, used 141058K [0x00000000e0000000, 0x0000000100000000)
  region size 1024K, 135 young (138240K), 4 survivors (4096K)
 Metaspace       used 20739K, capacity 21196K, committed 21296K, reserved 1069056K
  class space    used 2220K, capacity 2401K, committed 2432K, reserved 1048576K
}
Event: 2.439 GC heap after
{Heap after GC invocations=2 (full 0):
 garbage-first heap   total 524288K, used 10521K [0x00000000e0000000, 0x0000000100000000)
  region size 1024K, 7 young (7168K), 7 survivors (7168K)
 Metaspace       used 20739K, capacity 21196K, committed 21296K, reserved 1069056K
  class space    used 2220K, capacity 2401K, committed 2432K, reserved 1048576K
}
Event: 3.547 GC heap before
{Heap before GC invocations=3 (full 0):
 garbage-first heap   total 524288K, used 153881K [0x00000000e0000000, 0x0000000100000000)
  region size 1024K, 148 young (151552K), 7 survivors (7168K)
 Metaspace       used 29244K, capacity 30095K, committed 30256K, reserved 1075200K
  class space    used 3556K, capacity 3946K, committed 3968K, reserved 1048576K
}
Event: 3.553 GC heap after
{Heap after GC invocations=4 (full 0):
 garbage-first heap   total 524288K, used 13301K [0x00000000e0000000, 0x0000000100000000)
  region size 1024K, 9 young (9216K), 9 survivors (9216K)
 Metaspace       used 29244K, capacity 30095K, committed 30256K, reserved 1075200K
  class space    used 3556K, capacity 3946K, committed 3968K, reserved 1048576K
}

