# JRE version: Java(TM) SE Runtime Environment (11.0.5+10) (build 11.0.5+10-LTS)
# Java VM: Java HotSpot(TM) 64-Bit Server VM (11.0.5+10-LTS, mixed mode, tiered, compressed oops, g1 gc, windows-amd64)
Heap:
 garbage-first heap   total 524288K, used 51362K [0x00000000e0000000, 0x0000000100000000)
  region size 1024K, 37 young (37888K), 10 survivors (10240K)
 Metaspace       used 31784K, capacity 32822K, committed 32944K, reserved 1077248K
  class space    used 3841K, capacity 4283K, committed 4352K, reserved 1048576K
GC Heap History (6 events):
Event: 0.500 GC heap before
{Heap before GC invocations=0 (full 0):
 garbage-first heap   total 524288K, used 24576K [0x00000000e0000000, 0x0000000100000000)
  region size 1024K, 25 young (25600K), 0 survivors (0K)
 Metaspace       used 10440K, capacity 10626K, committed 10880K, reserved 1058816K
  class space    used 993K, capacity 1072K, committed 1152K, reserved 1048576K
}
Event: 0.503 GC heap after
{Heap after GC invocations=1 (full 0):
 garbage-first heap   total 524288K, used 3506K [0x00000000e0000000, 0x0000000100000000)
  region size 1024K, 4 young (4096K), 4 survivors (4096K)
 Metaspace       used 10440K, capacity 10626K, committed 10880K, reserved 1058816K
  class space    used 993K, capacity 1072K, committed 1152K, reserved 1048576K
}
Event: 2.340 GC heap before
{Heap before GC invocations=1 (full 0):
 garbage-first heap   total 524288K, used 141746K [0x00000000e0000000, 0x0000000100000000)
  region size 1024K, 136 young (139264K), 4 survivors (4096K)
 Metaspace       used 20762K, capacity 21196K, committed 21296K, reserved 1069056K
  class space    used 2221K, capacity 2401K, committed 2432K, reserved 1048576K
}
Event: 2.349 GC heap after
{Heap after GC invocations=2 (full 0):
 garbage-first heap   total 524288K, used 10001K [0x00000000e0000000, 0x0000000100000000)
  region size 1024K, 6 young (6144K), 6 survivors (6144K)
 Metaspace       used 20762K, capacity 21196K, committed 21296K, reserved 1069056K
  class space    used 2221K, capacity 2401K, committed 2432K, reserved 1048576K
}
Event: 3.465 GC heap before
{Heap before GC invocations=3 (full 0):
 garbage-first heap   total 524288K, used 157457K [0x00000000e0000000, 0x0000000100000000)
  region size 1024K, 151 young (154624K), 6 survivors (6144K)
 Metaspace       used 29810K, capacity 30748K, committed 30896K, reserved 1077248K
  class space    used 3661K, capacity 4078K, committed 4096K, reserved 1048576K
}
Event: 3.474 GC heap after
{Heap after GC invocations=4 (full 0):
 garbage-first heap   total 524288K, used 13474K [0x00000000e0000000, 0x0000000100000000)
  region size 1024K, 10 young (10240K), 10 survivors (10240K)
 Metaspace       used 29810K, capacity 30748K, committed 30896K, reserved 1077248K
  class space    used 3661K, capacity 4078K, committed 4096K, reserved 1048576K
}

